<?xml version="1.0" encoding="UTF-8"?>
<testng-results skipped="0" failed="0" ignored="0" total="1" passed="1">
  <reporter-output>
  </reporter-output>
  <suite name="Default suite" duration-ms="15735" started-at="2020-03-25T06:07:46Z" finished-at="2020-03-25T06:08:02Z">
    <groups>
    </groups>
    <test name="Default test" duration-ms="15735" started-at="2020-03-25T06:07:46Z" finished-at="2020-03-25T06:08:02Z">
      <class name="SRF.NewRequest">
        <test-method status="PASS" signature="beforeTest()[pri:0, instance:SRF.NewRequest@3bfdc050]" name="beforeTest" is-config="true" duration-ms="15330" started-at="2020-03-25T06:07:46Z" finished-at="2020-03-25T06:08:02Z">
          <reporter-output>
          </reporter-output>
        </test-method> <!-- beforeTest -->
        <test-method status="PASS" signature="SingleInputField()[pri:0, instance:SRF.NewRequest@3bfdc050]" name="SingleInputField" duration-ms="363" started-at="2020-03-25T06:08:02Z" finished-at="2020-03-25T06:08:02Z">
          <reporter-output>
          </reporter-output>
        </test-method> <!-- SingleInputField -->
        <test-method status="PASS" signature="afterTest()[pri:0, instance:SRF.NewRequest@3bfdc050]" name="afterTest" is-config="true" duration-ms="0" started-at="2020-03-25T06:08:02Z" finished-at="2020-03-25T06:08:02Z">
          <reporter-output>
          </reporter-output>
        </test-method> <!-- afterTest -->
      </class> <!-- SRF.NewRequest -->
    </test> <!-- Default test -->
  </suite> <!-- Default suite -->
</testng-results>
